<?xml version="1.0" encoding="UTF-8"?>
<testng-results skipped="0" failed="0" ignored="0" total="1" passed="1">
  <reporter-output>
  </reporter-output>
  <suite name="jenkins.TestMavenJenkins" duration-ms="20299" started-at="2018-02-24T09:18:49Z" finished-at="2018-02-24T09:19:10Z">
    <groups>
    </groups>
    <test name="Command line test" duration-ms="20299" started-at="2018-02-24T09:18:49Z" finished-at="2018-02-24T09:19:10Z">
      <class name="jenkins.TestMavenJenkins">
        <test-method status="PASS" signature="openFB()[pri:0, instance:jenkins.TestMavenJenkins@17c68925]" name="openFB" duration-ms="20251" started-at="2018-02-24T14:48:49Z" finished-at="2018-02-24T14:49:10Z">
          <reporter-output>
          </reporter-output>
        </test-method> <!-- openFB -->
      </class> <!-- jenkins.TestMavenJenkins -->
    </test> <!-- Command line test -->
  </suite> <!-- jenkins.TestMavenJenkins -->
</testng-results>
