<?xml version="1.0" encoding="UTF-8"?>
<testng-results skipped="0" failed="0" ignored="0" total="1" passed="1">
  <reporter-output>
  </reporter-output>
  <suite name="Default suite" duration-ms="3834" started-at="2018-05-07T05:32:03Z" finished-at="2018-05-07T05:32:07Z">
    <groups>
    </groups>
    <test name="Default test" duration-ms="3834" started-at="2018-05-07T05:32:03Z" finished-at="2018-05-07T05:32:07Z">
      <class name="TimeCheck">
        <test-method status="PASS" signature="check()[pri:0, instance:TimeCheck@68be2bc2]" name="check" duration-ms="3793" started-at="2018-05-07T11:02:03Z" finished-at="2018-05-07T11:02:07Z">
          <reporter-output>
          </reporter-output>
        </test-method> <!-- check -->
      </class> <!-- TimeCheck -->
    </test> <!-- Default test -->
  </suite> <!-- Default suite -->
</testng-results>
