<?xml version="1.0" encoding="UTF-8"?>
<testng-results skipped="0" failed="0" ignored="0" total="1" passed="1">
  <reporter-output>
  </reporter-output>
  <suite name="Default suite" duration-ms="41486" started-at="2018-02-24T05:25:28Z" finished-at="2018-02-24T05:26:10Z">
    <groups>
    </groups>
    <test name="Default test" duration-ms="41486" started-at="2018-02-24T05:25:28Z" finished-at="2018-02-24T05:26:10Z">
      <class name="jenkins.TestMavenJenkins">
        <test-method status="PASS" signature="openFB()[pri:0, instance:jenkins.TestMavenJenkins@68be2bc2]" name="openFB" duration-ms="41430" started-at="2018-02-24T10:55:28Z" finished-at="2018-02-24T10:56:10Z">
          <reporter-output>
          </reporter-output>
        </test-method> <!-- openFB -->
      </class> <!-- jenkins.TestMavenJenkins -->
    </test> <!-- Default test -->
  </suite> <!-- Default suite -->
</testng-results>
